<?xml version="1.0" encoding="UTF-8"?>
<!-- Generated by org.testng.reporters.JUnitReportReporter -->
<testsuite hostname="HiralPari" failures="0" tests="5" name="testCases.TC_003_LoginDataDrivenTest" time="39.565" errors="0" timestamp="2022-12-31T18:07:44 IST" skipped="0">
  <testcase classname="testCases.TC_003_LoginDataDrivenTest" name="Test_Login" time="2.102"/>
  <system-out/>
  <testcase classname="testCases.TC_003_LoginDataDrivenTest" name="Test_Login" time="2.903"/>
  <system-out/>
  <testcase classname="testCases.TC_003_LoginDataDrivenTest" name="Test_Login" time="11.760"/>
  <system-out/>
  <testcase classname="testCases.TC_003_LoginDataDrivenTest" name="Test_Login" time="11.683"/>
  <system-out/>
  <testcase classname="testCases.TC_003_LoginDataDrivenTest" name="Test_Login" time="11.117"/>
  <system-out/>
</testsuite> <!-- testCases.TC_003_LoginDataDrivenTest -->
