<?xml version="1.0" encoding="UTF-8"?>
<!-- Generated by org.testng.reporters.JUnitReportReporter -->
<testsuite hostname="HiralPari" failures="0" tests="5" name="testCases.TC_003_LoginDataDrivenTest" time="40.127" errors="0" timestamp="2023-01-02T07:53:48 IST" skipped="0">
  <testcase classname="testCases.TC_003_LoginDataDrivenTest" name="Test_Login" time="3.119"/>
  <system-out/>
  <testcase classname="testCases.TC_003_LoginDataDrivenTest" name="Test_Login" time="11.482"/>
  <system-out/>
  <testcase classname="testCases.TC_003_LoginDataDrivenTest" name="Test_Login" time="11.271"/>
  <system-out/>
  <testcase classname="testCases.TC_003_LoginDataDrivenTest" name="Test_Login" time="2.624"/>
  <system-out/>
  <testcase classname="testCases.TC_003_LoginDataDrivenTest" name="Test_Login" time="11.631"/>
  <system-out/>
</testsuite> <!-- testCases.TC_003_LoginDataDrivenTest -->
